<?xml version="1.0" encoding="utf-8"?><testsuites name="pytest tests"><testsuite name="pytest" errors="0" failures="0" skipped="0" tests="6" time="1.483" timestamp="2026-05-13T16:05:52.613653+00:00" hostname="agent-env-51de298b-2136-4ae2-977e-6830c91f9cef"><testcase classname="backend.tests.test_contact_api.TestRoot" name="test_root_returns_ok" time="0.292" /><testcase classname="backend.tests.test_contact_api.TestContact" name="test_create_contact_valid" time="0.303" /><testcase classname="backend.tests.test_contact_api.TestContact" name="test_create_contact_missing_fields" time="0.160" /><testcase classname="backend.tests.test_contact_api.TestContact" name="test_create_contact_invalid_email" time="0.056" /><testcase classname="backend.tests.test_contact_api.TestContact" name="test_create_contact_empty_strings" time="0.056" /><testcase classname="backend.tests.test_contact_api.TestContact" name="test_list_contacts_contains_created" time="0.549" /></testsuite></testsuites>