<?xml version="1.0" encoding="utf-8"?><testsuites name="pytest tests"><testsuite name="pytest" errors="0" failures="0" skipped="0" tests="26" time="5.741" timestamp="2026-05-14T14:52:17.652171+00:00" hostname="agent-env-51de298b-2136-4ae2-977e-6830c91f9cef"><testcase classname="backend.tests.test_admin_api.TestRoot" name="test_root_ok" time="0.266" /><testcase classname="backend.tests.test_admin_api.TestPublicContent" name="test_get_content_returns_all_sections" time="0.065" /><testcase classname="backend.tests.test_admin_api.TestAuth" name="test_login_valid" time="0.292" /><testcase classname="backend.tests.test_admin_api.TestAuth" name="test_login_wrong_password" time="0.284" /><testcase classname="backend.tests.test_admin_api.TestAuth" name="test_login_unknown_email" time="0.060" /><testcase classname="backend.tests.test_admin_api.TestAuth" name="test_me_without_token" time="0.119" /><testcase classname="backend.tests.test_admin_api.TestAuth" name="test_me_with_invalid_token" time="0.184" /><testcase classname="backend.tests.test_admin_api.TestAuth" name="test_me_with_valid_token" time="0.432" /><testcase classname="backend.tests.test_admin_api.TestContentUpdate" name="test_put_without_token_unauthorized" time="0.062" /><testcase classname="backend.tests.test_admin_api.TestContentUpdate" name="test_put_with_token_persists" time="0.687" /><testcase classname="backend.tests.test_admin_api.TestAdminContacts" name="test_public_contact_create_still_works" time="0.316" /><testcase classname="backend.tests.test_admin_api.TestAdminContacts" name="test_admin_contacts_requires_auth" time="0.059" /><testcase classname="backend.tests.test_admin_api.TestAdminContacts" name="test_admin_contacts_lists" time="0.236" /><testcase classname="backend.tests.test_admin_api.TestAdminContacts" name="test_admin_delete_requires_auth" time="0.059" /><testcase classname="backend.tests.test_admin_api.TestAdminContacts" name="test_admin_delete_contact" time="0.237" /><testcase classname="backend.tests.test_admin_api.TestAdminContacts" name="test_admin_delete_nonexistent" time="0.110" /><testcase classname="backend.tests.test_admin_api.TestUpload" name="test_upload_requires_auth" time="0.120" /><testcase classname="backend.tests.test_admin_api.TestUpload" name="test_upload_valid_png" time="0.272" /><testcase classname="backend.tests.test_admin_api.TestUpload" name="test_upload_invalid_extension" time="0.182" /><testcase classname="backend.tests.test_admin_api.TestIdempotency" name="test_login_works_repeatedly" time="0.846" /><testcase classname="backend.tests.test_contact_api.TestRoot" name="test_root_returns_ok" time="0.113" /><testcase classname="backend.tests.test_contact_api.TestContact" name="test_create_contact_valid" time="0.242" /><testcase classname="backend.tests.test_contact_api.TestContact" name="test_create_contact_missing_fields" time="0.185" /><testcase classname="backend.tests.test_contact_api.TestContact" name="test_create_contact_invalid_email" time="0.054" /><testcase classname="backend.tests.test_contact_api.TestContact" name="test_create_contact_empty_strings" time="0.080" /><testcase classname="backend.tests.test_contact_api.TestContact" name="test_public_list_endpoint_removed" time="0.078" /></testsuite></testsuites>